<?xml version="1.0" encoding="UTF-8"?>
<testsuite xmlns:xsi="http://www.w3.org/2001/XMLSchema-instance" xsi:noNamespaceSchemaLocation="https://maven.apache.org/surefire/maven-surefire-plugin/xsd/surefire-test-report.xsd" name="org.example.parameterized.tests.ParameterizedTests" time="3.599" tests="4" errors="0" skipped="0" failures="0">
  <properties>
    <property name="java.specification.version" value="22"/>
    <property name="sun.cpu.isalist" value="amd64"/>
    <property name="sun.jnu.encoding" value="Cp1251"/>
    <property name="java.class.path" value="C:\Users\cvrky\IdeaProjects\Sprint_7\target\test-classes;C:\Users\cvrky\IdeaProjects\Sprint_7\target\classes;C:\Users\cvrky\.m2\repository\com\google\code\gson\gson\2.8.9\gson-2.8.9.jar;C:\Users\cvrky\.m2\repository\io\qameta\allure\allure-junit5\2.15.0\allure-junit5-2.15.0.jar;C:\Users\cvrky\.m2\repository\io\qameta\allure\allure-junit-platform\2.15.0\allure-junit-platform-2.15.0.jar;C:\Users\cvrky\.m2\repository\io\qameta\allure\allure-java-commons\2.15.0\allure-java-commons-2.15.0.jar;C:\Users\cvrky\.m2\repository\org\slf4j\slf4j-api\1.7.30\slf4j-api-1.7.30.jar;C:\Users\cvrky\.m2\repository\io\qameta\allure\allure-model\2.15.0\allure-model-2.15.0.jar;C:\Users\cvrky\.m2\repository\io\qameta\allure\allure-test-filter\2.15.0\allure-test-filter-2.15.0.jar;C:\Users\cvrky\.m2\repository\org\junit\jupiter\junit-jupiter-api\5.8.0\junit-jupiter-api-5.8.0.jar;C:\Users\cvrky\.m2\repository\org\opentest4j\opentest4j\1.2.0\opentest4j-1.2.0.jar;C:\Users\cvrky\.m2\repository\org\junit\platform\junit-platform-commons\1.8.0\junit-platform-commons-1.8.0.jar;C:\Users\cvrky\.m2\repository\org\apiguardian\apiguardian-api\1.1.2\apiguardian-api-1.1.2.jar;C:\Users\cvrky\.m2\repository\org\junit\platform\junit-platform-launcher\1.8.0\junit-platform-launcher-1.8.0.jar;C:\Users\cvrky\.m2\repository\org\junit\platform\junit-platform-engine\1.8.0\junit-platform-engine-1.8.0.jar;C:\Users\cvrky\.m2\repository\io\qameta\allure\allure-rest-assured\2.15.0\allure-rest-assured-2.15.0.jar;C:\Users\cvrky\.m2\repository\io\qameta\allure\allure-attachments\2.15.0\allure-attachments-2.15.0.jar;C:\Users\cvrky\.m2\repository\org\freemarker\freemarker\2.3.31\freemarker-2.3.31.jar;C:\Users\cvrky\.m2\repository\org\junit\jupiter\junit-jupiter\5.8.2\junit-jupiter-5.8.2.jar;C:\Users\cvrky\.m2\repository\org\junit\jupiter\junit-jupiter-params\5.8.2\junit-jupiter-params-5.8.2.jar;C:\Users\cvrky\.m2\repository\org\junit\jupiter\junit-jupiter-engine\5.8.2\junit-jupiter-engine-5.8.2.jar;C:\Users\cvrky\.m2\repository\io\rest-assured\rest-assured\4.4.0\rest-assured-4.4.0.jar;C:\Users\cvrky\.m2\repository\org\codehaus\groovy\groovy\3.0.8\groovy-3.0.8.jar;C:\Users\cvrky\.m2\repository\org\codehaus\groovy\groovy-xml\3.0.8\groovy-xml-3.0.8.jar;C:\Users\cvrky\.m2\repository\org\apache\httpcomponents\httpclient\4.5.13\httpclient-4.5.13.jar;C:\Users\cvrky\.m2\repository\org\apache\httpcomponents\httpcore\4.4.13\httpcore-4.4.13.jar;C:\Users\cvrky\.m2\repository\commons-logging\commons-logging\1.2\commons-logging-1.2.jar;C:\Users\cvrky\.m2\repository\commons-codec\commons-codec\1.11\commons-codec-1.11.jar;C:\Users\cvrky\.m2\repository\org\apache\httpcomponents\httpmime\4.5.13\httpmime-4.5.13.jar;C:\Users\cvrky\.m2\repository\org\hamcrest\hamcrest\2.1\hamcrest-2.1.jar;C:\Users\cvrky\.m2\repository\org\ccil\cowan\tagsoup\tagsoup\1.2.1\tagsoup-1.2.1.jar;C:\Users\cvrky\.m2\repository\io\rest-assured\json-path\4.4.0\json-path-4.4.0.jar;C:\Users\cvrky\.m2\repository\org\codehaus\groovy\groovy-json\3.0.8\groovy-json-3.0.8.jar;C:\Users\cvrky\.m2\repository\io\rest-assured\rest-assured-common\4.4.0\rest-assured-common-4.4.0.jar;C:\Users\cvrky\.m2\repository\io\rest-assured\xml-path\4.4.0\xml-path-4.4.0.jar;C:\Users\cvrky\.m2\repository\org\apache\commons\commons-lang3\3.11\commons-lang3-3.11.jar;C:\Users\cvrky\.m2\repository\jakarta\xml\bind\jakarta.xml.bind-api\2.3.3\jakarta.xml.bind-api-2.3.3.jar;C:\Users\cvrky\.m2\repository\jakarta\activation\jakarta.activation-api\1.2.2\jakarta.activation-api-1.2.2.jar;C:\Users\cvrky\.m2\repository\com\sun\xml\bind\jaxb-impl\2.3.3\jaxb-impl-2.3.3.jar;C:\Users\cvrky\.m2\repository\org\projectlombok\lombok\1.18.34\lombok-1.18.34.jar;"/>
    <property name="java.vm.vendor" value="Oracle Corporation"/>
    <property name="sun.arch.data.model" value="64"/>
    <property name="user.variant" value=""/>
    <property name="java.vendor.url" value="https://java.oracle.com/"/>
    <property name="user.timezone" value="Europe/Moscow"/>
    <property name="os.name" value="Windows 11"/>
    <property name="java.vm.specification.version" value="22"/>
    <property name="sun.java.launcher" value="SUN_STANDARD"/>
    <property name="user.country" value="RU"/>
    <property name="sun.boot.library.path" value="C:\Users\cvrky\.jdks\openjdk-22.0.2\bin"/>
    <property name="sun.java.command" value="C:\Users\cvrky\AppData\Local\Temp\surefire2163649096963232820\surefirebooter2164116267612187433.jar C:\Users\cvrky\AppData\Local\Temp\surefire2163649096963232820 2024-08-12T21-42-38_689-jvmRun1 surefire15275794049884627189tmp surefire_08827807556069359187tmp"/>
    <property name="jdk.debug" value="release"/>
    <property name="surefire.test.class.path" value="C:\Users\cvrky\IdeaProjects\Sprint_7\target\test-classes;C:\Users\cvrky\IdeaProjects\Sprint_7\target\classes;C:\Users\cvrky\.m2\repository\com\google\code\gson\gson\2.8.9\gson-2.8.9.jar;C:\Users\cvrky\.m2\repository\io\qameta\allure\allure-junit5\2.15.0\allure-junit5-2.15.0.jar;C:\Users\cvrky\.m2\repository\io\qameta\allure\allure-junit-platform\2.15.0\allure-junit-platform-2.15.0.jar;C:\Users\cvrky\.m2\repository\io\qameta\allure\allure-java-commons\2.15.0\allure-java-commons-2.15.0.jar;C:\Users\cvrky\.m2\repository\org\slf4j\slf4j-api\1.7.30\slf4j-api-1.7.30.jar;C:\Users\cvrky\.m2\repository\io\qameta\allure\allure-model\2.15.0\allure-model-2.15.0.jar;C:\Users\cvrky\.m2\repository\io\qameta\allure\allure-test-filter\2.15.0\allure-test-filter-2.15.0.jar;C:\Users\cvrky\.m2\repository\org\junit\jupiter\junit-jupiter-api\5.8.0\junit-jupiter-api-5.8.0.jar;C:\Users\cvrky\.m2\repository\org\opentest4j\opentest4j\1.2.0\opentest4j-1.2.0.jar;C:\Users\cvrky\.m2\repository\org\junit\platform\junit-platform-commons\1.8.0\junit-platform-commons-1.8.0.jar;C:\Users\cvrky\.m2\repository\org\apiguardian\apiguardian-api\1.1.2\apiguardian-api-1.1.2.jar;C:\Users\cvrky\.m2\repository\org\junit\platform\junit-platform-launcher\1.8.0\junit-platform-launcher-1.8.0.jar;C:\Users\cvrky\.m2\repository\org\junit\platform\junit-platform-engine\1.8.0\junit-platform-engine-1.8.0.jar;C:\Users\cvrky\.m2\repository\io\qameta\allure\allure-rest-assured\2.15.0\allure-rest-assured-2.15.0.jar;C:\Users\cvrky\.m2\repository\io\qameta\allure\allure-attachments\2.15.0\allure-attachments-2.15.0.jar;C:\Users\cvrky\.m2\repository\org\freemarker\freemarker\2.3.31\freemarker-2.3.31.jar;C:\Users\cvrky\.m2\repository\org\junit\jupiter\junit-jupiter\5.8.2\junit-jupiter-5.8.2.jar;C:\Users\cvrky\.m2\repository\org\junit\jupiter\junit-jupiter-params\5.8.2\junit-jupiter-params-5.8.2.jar;C:\Users\cvrky\.m2\repository\org\junit\jupiter\junit-jupiter-engine\5.8.2\junit-jupiter-engine-5.8.2.jar;C:\Users\cvrky\.m2\repository\io\rest-assured\rest-assured\4.4.0\rest-assured-4.4.0.jar;C:\Users\cvrky\.m2\repository\org\codehaus\groovy\groovy\3.0.8\groovy-3.0.8.jar;C:\Users\cvrky\.m2\repository\org\codehaus\groovy\groovy-xml\3.0.8\groovy-xml-3.0.8.jar;C:\Users\cvrky\.m2\repository\org\apache\httpcomponents\httpclient\4.5.13\httpclient-4.5.13.jar;C:\Users\cvrky\.m2\repository\org\apache\httpcomponents\httpcore\4.4.13\httpcore-4.4.13.jar;C:\Users\cvrky\.m2\repository\commons-logging\commons-logging\1.2\commons-logging-1.2.jar;C:\Users\cvrky\.m2\repository\commons-codec\commons-codec\1.11\commons-codec-1.11.jar;C:\Users\cvrky\.m2\repository\org\apache\httpcomponents\httpmime\4.5.13\httpmime-4.5.13.jar;C:\Users\cvrky\.m2\repository\org\hamcrest\hamcrest\2.1\hamcrest-2.1.jar;C:\Users\cvrky\.m2\repository\org\ccil\cowan\tagsoup\tagsoup\1.2.1\tagsoup-1.2.1.jar;C:\Users\cvrky\.m2\repository\io\rest-assured\json-path\4.4.0\json-path-4.4.0.jar;C:\Users\cvrky\.m2\repository\org\codehaus\groovy\groovy-json\3.0.8\groovy-json-3.0.8.jar;C:\Users\cvrky\.m2\repository\io\rest-assured\rest-assured-common\4.4.0\rest-assured-common-4.4.0.jar;C:\Users\cvrky\.m2\repository\io\rest-assured\xml-path\4.4.0\xml-path-4.4.0.jar;C:\Users\cvrky\.m2\repository\org\apache\commons\commons-lang3\3.11\commons-lang3-3.11.jar;C:\Users\cvrky\.m2\repository\jakarta\xml\bind\jakarta.xml.bind-api\2.3.3\jakarta.xml.bind-api-2.3.3.jar;C:\Users\cvrky\.m2\repository\jakarta\activation\jakarta.activation-api\1.2.2\jakarta.activation-api-1.2.2.jar;C:\Users\cvrky\.m2\repository\com\sun\xml\bind\jaxb-impl\2.3.3\jaxb-impl-2.3.3.jar;C:\Users\cvrky\.m2\repository\org\projectlombok\lombok\1.18.34\lombok-1.18.34.jar;"/>
    <property name="allure.results.directory" value="C:\Users\cvrky\IdeaProjects\Sprint_7\target/allure-results"/>
    <property name="sun.cpu.endian" value="little"/>
    <property name="user.home" value="C:\Users\cvrky"/>
    <property name="user.language" value="ru"/>
    <property name="java.specification.vendor" value="Oracle Corporation"/>
    <property name="java.version.date" value="2024-07-16"/>
    <property name="java.home" value="C:\Users\cvrky\.jdks\openjdk-22.0.2"/>
    <property name="file.separator" value="\"/>
    <property name="basedir" value="C:\Users\cvrky\IdeaProjects\Sprint_7"/>
    <property name="java.vm.compressedOopsMode" value="Zero based"/>
    <property name="line.separator" value="&#10;"/>
    <property name="java.vm.specification.vendor" value="Oracle Corporation"/>
    <property name="java.specification.name" value="Java Platform API Specification"/>
    <property name="surefire.real.class.path" value="C:\Users\cvrky\AppData\Local\Temp\surefire2163649096963232820\surefirebooter2164116267612187433.jar"/>
    <property name="user.script" value=""/>
    <property name="sun.management.compiler" value="HotSpot 64-Bit Tiered Compilers"/>
    <property name="java.runtime.version" value="22.0.2+9-70"/>
    <property name="user.name" value="cvrky"/>
    <property name="stdout.encoding" value="Cp1251"/>
    <property name="path.separator" value=";"/>
    <property name="os.version" value="10.0"/>
    <property name="java.runtime.name" value="OpenJDK Runtime Environment"/>
    <property name="file.encoding" value="UTF-8"/>
    <property name="java.vm.name" value="OpenJDK 64-Bit Server VM"/>
    <property name="localRepository" value="C:\Users\cvrky\.m2\repository"/>
    <property name="java.vendor.url.bug" value="https://bugreport.java.com/bugreport/"/>
    <property name="java.io.tmpdir" value="C:\Users\cvrky\AppData\Local\Temp\"/>
    <property name="idea.version" value="2022.3"/>
    <property name="java.version" value="22.0.2"/>
    <property name="user.dir" value="C:\Users\cvrky\IdeaProjects\Sprint_7"/>
    <property name="os.arch" value="amd64"/>
    <property name="java.vm.specification.name" value="Java Virtual Machine Specification"/>
    <property name="sun.os.patch.level" value=""/>
    <property name="native.encoding" value="Cp1251"/>
    <property name="java.library.path" value="C:\Users\cvrky\.jdks\openjdk-22.0.2\bin;C:\Windows\Sun\Java\bin;C:\Windows\system32;C:\Windows;C:\flutter\bin;C:\Windows\System32;C:\Program Files\Docker\Docker\resources\bin;C:\Program Files\Git\cmd;C:\Program Files\PuTTY\;C:\Program Files\PostgreSQL\16\bin;C:\Program Files\nodejs\;C:\ProgramData\chocolatey\bin;C:\Users\cvrky\OneDrive\Рабочий стол\transaq connector;C:\Users\cvrky\OneDrive\Рабочий стол\allure\allure-2.30.0\bin;C:\Users\cvrky\AppData\Local\Programs\Python\Launcher\;C:\Users\cvrky\AppData\Local\Microsoft\WindowsApps;C:\Program Files\JetBrains\IntelliJ IDEA Community Edition 2022.2.3\bin;C:\Program Files\JetBrains\IntelliJ IDEA 2022.3\bin;C:\Program Files\JetBrains\PyCharm 2023.3.3\bin;C:\Program Files\JetBrains\WebStorm 2023.3.3\bin;C:\Users\cvrky\AppData\Roaming\npm;C:\apache-maven-3.9.6\bin;C:\Program Files\Java\jdk-17.0.4.1\bin;C:\Users\cvrky\AppData\Local\Programs\Fiddler;C:\Users\cvrky\OneDrive\Рабочий стол\WebDriver\bin;C:\Users\cvrky\OneDrive\Рабочий стол\transaq connector;C:\Users\cvrky\OneDrive\Рабочий стол\allure\allure-2.30.0\bin;;."/>
    <property name="java.vm.info" value="mixed mode, sharing"/>
    <property name="stderr.encoding" value="Cp1251"/>
    <property name="java.vendor" value="Oracle Corporation"/>
    <property name="java.vm.version" value="22.0.2+9-70"/>
    <property name="sun.io.unicode.encoding" value="UnicodeLittle"/>
    <property name="java.class.version" value="66.0"/>
  </properties>
  <testcase name="createOrderWithoutColorTest{ColoursEnum}[1]" classname="org.example.parameterized.tests.ParameterizedTests" time="0.899"/>
  <testcase name="createOrderWithoutColorTest{ColoursEnum}[2]" classname="org.example.parameterized.tests.ParameterizedTests" time="0.871"/>
  <testcase name="createOrderWithoutColorTest{ColoursEnum}[3]" classname="org.example.parameterized.tests.ParameterizedTests" time="0.949"/>
  <testcase name="createOrderWithoutColorTest{ColoursEnum}[4]" classname="org.example.parameterized.tests.ParameterizedTests" time="0.849"/>
</testsuite>